---- Execute stopdoliwamp.bat 
NET STOP doliwampapache 
NET STOP doliwampmysqld 
---- End script 
---- Execute uninstall_services.bat 
---- End script 
---- Execute install_services.bat 
Installing the 'doliwampapache' service
The 'doliwampapache' service is successfully installed.
Testing httpd.conf....
Errors reported here must be corrected before the service can be started.
Running bootstrap
2020-11-24 12:10:49 0 [Note] c:\dolibarr\bin\mariadb\mariadb10.4.10\bin\mysqld.exe (mysqld 10.4.10-MariaDB) starting as process 940 ...
Removing default user
Creating my.ini file
Creation of the database was successful
Service successfully installed.
---- End script 
---- Execute startdoliwamp.bat 
NET START doliwampapache 
El servicio de doliwampapache est  inici ndose.
El servicio de doliwampapache se ha iniciado correctamente.

NET START doliwampmysqld 
El servicio de doliwampmysqld est  inici ndose.
El servicio de doliwampmysqld se ha iniciado correctamente.

---- End script 
---- Execute mysqlinitpassword.bat to init mysql password 
For a first installation, if an error is shown here, rerun the script manually. 
For an update, you will get an "Access denied" error, ignore this error. 
Got error: Access denied for user 'root'@'localhost' (using password: NO)
---- End script 
